Aug 15 19:12 : state_file: Unrecognized line in state file: ## Copyright (C) 2020-2021 Aditya Shakya <adi1090x@gmail.com>
Aug 15 19:12 : state_file: Unrecognized line in state file: ## Everyone is permitted to copy and distribute copies of this file under GNU-GPL3
Aug 15 19:12 : state_file: Unrecognized line in state file:
WARNING: Unhandled message: interface=org.freedesktop.DBus, path=/org/freedesktop/DBus, member=ActivatableServicesChanged
WARNING: Unhandled message: interface=org.freedesktop.DBus, path=/org/freedesktop/DBus, member=ActivatableServicesChanged
WARNING: Unhandled message: interface=org.freedesktop.DBus, path=/org/freedesktop/DBus, member=ActivatableServicesChanged
WARNING: Unhandled message: interface=org.freedesktop.DBus, path=/org/freedesktop/DBus, member=ActivatableServicesChanged
WARNING: Unhandled message: interface=org.freedesktop.DBus, path=/org/freedesktop/DBus, member=ActivatableServicesChanged
WARNING: Unhandled message: interface=org.freedesktop.DBus, path=/org/freedesktop/DBus, member=ActivatableServicesChanged
WARNING: Unhandled message: interface=org.freedesktop.DBus, path=/org/freedesktop/DBus, member=ActivatableServicesChanged
WARNING: Unhandled message: interface=org.freedesktop.DBus, path=/org/freedesktop/DBus, member=ActivatableServicesChanged
WARNING: Unhandled message: interface=org.freedesktop.DBus, path=/org/freedesktop/DBus, member=ActivatableServicesChanged
WARNING: Unhandled message: interface=org.freedesktop.DBus, path=/org/freedesktop/DBus, member=ActivatableServicesChanged
WARNING: Unhandled message: interface=org.freedesktop.DBus, path=/org/freedesktop/DBus, member=ActivatableServicesChanged
WARNING: Unhandled message: interface=org.freedesktop.DBus, path=/org/freedesktop/DBus, member=ActivatableServicesChanged
WARNING: Unhandled message: interface=org.freedesktop.DBus, path=/org/freedesktop/DBus, member=ActivatableServicesChanged
WARNING: Unhandled message: interface=org.freedesktop.DBus, path=/org/freedesktop/DBus, member=ActivatableServicesChanged
WARNING: Unhandled message: interface=org.freedesktop.DBus, path=/org/freedesktop/DBus, member=ActivatableServicesChanged
WARNING: Unhandled message: interface=org.freedesktop.DBus, path=/org/freedesktop/DBus, member=ActivatableServicesChanged
WARNING: Unhandled message: interface=org.freedesktop.DBus, path=/org/freedesktop/DBus, member=ActivatableServicesChanged
WARNING: Unhandled message: interface=org.freedesktop.DBus, path=/org/freedesktop/DBus, member=ActivatableServicesChanged
WARNING: Unhandled message: interface=org.freedesktop.DBus, path=/org/freedesktop/DBus, member=ActivatableServicesChanged
WARNING: Unhandled message: interface=org.freedesktop.DBus, path=/org/freedesktop/DBus, member=ActivatableServicesChanged
WARNING: Unhandled message: interface=org.freedesktop.DBus, path=/org/freedesktop/DBus, member=ActivatableServicesChanged
WARNING: Unhandled message: interface=org.freedesktop.DBus, path=/org/freedesktop/DBus, member=ActivatableServicesChanged
WARNING: Unhandled message: interface=org.freedesktop.DBus, path=/org/freedesktop/DBus, member=ActivatableServicesChanged
WARNING: Unhandled message: interface=org.freedesktop.DBus, path=/org/freedesktop/DBus, member=ActivatableServicesChanged
WARNING: Unhandled message: interface=org.freedesktop.DBus, path=/org/freedesktop/DBus, member=ActivatableServicesChanged
WARNING: Unhandled message: interface=org.freedesktop.DBus, path=/org/freedesktop/DBus, member=ActivatableServicesChanged
WARNING: Unhandled message: interface=org.freedesktop.DBus, path=/org/freedesktop/DBus, member=ActivatableServicesChanged
WARNING: Unhandled message: interface=org.freedesktop.DBus, path=/org/freedesktop/DBus, member=ActivatableServicesChanged
WARNING: Unhandled message: interface=org.freedesktop.DBus, path=/org/freedesktop/DBus, member=ActivatableServicesChanged
WARNING: Unhandled message: interface=org.freedesktop.DBus, path=/org/freedesktop/DBus, member=ActivatableServicesChanged
WARNING: Unhandled message: interface=org.freedesktop.DBus, path=/org/freedesktop/DBus, member=ActivatableServicesChanged
WARNING: Unhandled message: interface=org.freedesktop.DBus, path=/org/freedesktop/DBus, member=ActivatableServicesChanged
WARNING: Unhandled message: interface=org.freedesktop.DBus, path=/org/freedesktop/DBus, member=ActivatableServicesChanged
WARNING: Unhandled message: interface=org.freedesktop.DBus, path=/org/freedesktop/DBus, member=ActivatableServicesChanged
WARNING: Unhandled message: interface=org.freedesktop.DBus, path=/org/freedesktop/DBus, member=ActivatableServicesChanged
WARNING: Unhandled message: interface=org.freedesktop.DBus, path=/org/freedesktop/DBus, member=ActivatableServicesChanged
Aug 15 19:34 : player: played "NEFFEX - Grateful [Copyright Free].mp3"
mpd: pthread_mutex_lock.c:448: __pthread_mutex_lock_full: Assertion `robust || (oldval & FUTEX_OWNER_DIED) == 0' failed.
Aug 15 19:47 : player: played "NEFFEX - Grateful [Copyright Free].mp3"
Aug 15 19:48 : update: updating /Cartoon - On & On (feat. Daniel Levi) [NCS Release].mp3
Aug 15 19:48 : update: updating /Culture Code - Make Me Move (feat. Karra) [NCS Release].mp3
Aug 15 19:48 : update: updating /Janji - Heroes Tonight (feat. Johnning) [NCS Release].mp3
Aug 15 19:48 : update: updating /N3WPORT - Power (feat. braev) [NCS Release].mp3
Aug 15 19:48 : update: updating /NEFFEX - Grateful [Copyright Free].mp3
Aug 15 19:48 : update: added /Evanescence_Bring Me To Life.mp3
Aug 15 19:48 : update: added /Evanescence_My Immortal.mp3
Aug 15 19:48 : update: added /Night_The Beauty and the Beast.mp3
Aug 15 19:48 : update: added /nightwish_-_bless_the_child-alc.mp3
Aug 15 19:48 : update: added /Nightwish_Nemo.mp3
Aug 15 19:48 : update: added /nightwish_-_sleeping_sun-alc.mp3
Aug 15 19:48 : update: added /Ozzy_Osbourne-Woman.mp3
Aug 15 19:57 : player: played "Evanescence_My Immortal.mp3"
Aug 28 17:45 : exception: Failed to decode /home/eldermf/Música/Evanescence_My Immortal.mp3; Failed to open '/home/eldermf/Música/Evanescence_My Immortal.mp3': No such file or directory
Aug 28 17:45 : exception: Failed to decode /home/eldermf/Música/NEFFEX - Grateful [Copyright Free].mp3; Failed to open '/home/eldermf/Música/NEFFEX - Grateful [Copyright Free].mp3': No such file or directory
Aug 28 17:45 : player: played "Evanescence_My Immortal.mp3"
Aug 28 17:45 : exception: Failed to decode /home/eldermf/Música/Evanescence_My Immortal.mp3; Failed to open '/home/eldermf/Música/Evanescence_My Immortal.mp3': No such file or directory
Aug 28 17:45 : exception: Failed to decode /home/eldermf/Música/NEFFEX - Grateful [Copyright Free].mp3; Failed to open '/home/eldermf/Música/NEFFEX - Grateful [Copyright Free].mp3': No such file or directory
Aug 28 17:45 : player: played "Evanescence_My Immortal.mp3"
Aug 28 17:45 : exception: Failed to decode /home/eldermf/Música/NEFFEX - Grateful [Copyright Free].mp3; Failed to open '/home/eldermf/Música/NEFFEX - Grateful [Copyright Free].mp3': No such file or directory
Aug 28 17:45 : player: played "NEFFEX - Grateful [Copyright Free].mp3"
Aug 28 17:45 : exception: Failed to decode /home/eldermf/Música/Cartoon - On & On (feat. Daniel Levi) [NCS Release].mp3; Failed to open '/home/eldermf/Música/Cartoon - On & On (feat. Daniel Levi) [NCS Release].mp3': No such file or directory
Aug 28 17:45 : player: played "Cartoon - On & On (feat. Daniel Levi) [NCS Release].mp3"
Aug 28 17:45 : exception: Failed to decode /home/eldermf/Música/Culture Code - Make Me Move (feat. Karra) [NCS Release].mp3; Failed to open '/home/eldermf/Música/Culture Code - Make Me Move (feat. Karra) [NCS Release].mp3': No such file or directory
Aug 28 17:45 : player: played "Culture Code - Make Me Move (feat. Karra) [NCS Release].mp3"
Aug 28 17:45 : exception: Failed to decode /home/eldermf/Música/Janji - Heroes Tonight (feat. Johnning) [NCS Release].mp3; Failed to open '/home/eldermf/Música/Janji - Heroes Tonight (feat. Johnning) [NCS Release].mp3': No such file or directory
Aug 28 17:45 : player: played "Janji - Heroes Tonight (feat. Johnning) [NCS Release].mp3"
Aug 28 17:45 : exception: Failed to decode /home/eldermf/Música/N3WPORT - Power (feat. braev) [NCS Release].mp3; Failed to open '/home/eldermf/Música/N3WPORT - Power (feat. braev) [NCS Release].mp3': No such file or directory
Aug 28 17:45 : player: played "N3WPORT - Power (feat. braev) [NCS Release].mp3"
Aug 28 17:45 : exception: Failed to decode /home/eldermf/Música/Night_The Beauty and the Beast.mp3; Failed to open '/home/eldermf/Música/Night_The Beauty and the Beast.mp3': No such file or directory
Aug 28 17:45 : player: played "Night_The Beauty and the Beast.mp3"
Aug 28 17:45 : exception: Failed to decode /home/eldermf/Música/nightwish_-_sleeping_sun-alc.mp3; Failed to open '/home/eldermf/Música/nightwish_-_sleeping_sun-alc.mp3': No such file or directory
Aug 28 17:45 : player: played "nightwish_-_sleeping_sun-alc.mp3"
Aug 28 17:45 : exception: Failed to decode /home/eldermf/Música/nightwish_-_bless_the_child-alc.mp3; Failed to open '/home/eldermf/Música/nightwish_-_bless_the_child-alc.mp3': No such file or directory
Aug 28 17:45 : exception: Failed to decode /home/eldermf/Música/Nightwish_Nemo.mp3; Failed to open '/home/eldermf/Música/Nightwish_Nemo.mp3': No such file or directory
Aug 28 17:45 : player: played "nightwish_-_bless_the_child-alc.mp3"
Aug 28 17:45 : exception: Failed to decode /home/eldermf/Música/Nightwish_Nemo.mp3; Failed to open '/home/eldermf/Música/Nightwish_Nemo.mp3': No such file or directory
Aug 28 17:45 : player: played "Nightwish_Nemo.mp3"
Aug 28 17:45 : exception: Failed to decode /home/eldermf/Música/Evanescence_Bring Me To Life.mp3; Failed to open '/home/eldermf/Música/Evanescence_Bring Me To Life.mp3': No such file or directory
Aug 28 17:45 : player: played "Evanescence_Bring Me To Life.mp3"
Aug 28 17:45 : exception: Failed to decode /home/eldermf/Música/Evanescence_Bring Me To Life.mp3; Failed to open '/home/eldermf/Música/Evanescence_Bring Me To Life.mp3': No such file or directory
Aug 28 17:45 : player: played "Evanescence_Bring Me To Life.mp3"
Aug 28 17:45 : exception: Failed to decode /home/eldermf/Música/Evanescence_My Immortal.mp3; Failed to open '/home/eldermf/Música/Evanescence_My Immortal.mp3': No such file or directory
Aug 28 17:45 : player: played "Evanescence_My Immortal.mp3"
Aug 28 17:45 : exception: Failed to decode /home/eldermf/Música/NEFFEX - Grateful [Copyright Free].mp3; Failed to open '/home/eldermf/Música/NEFFEX - Grateful [Copyright Free].mp3': No such file or directory
Aug 28 17:45 : player: played "NEFFEX - Grateful [Copyright Free].mp3"
Aug 28 17:45 : exception: Failed to decode /home/eldermf/Música/Cartoon - On & On (feat. Daniel Levi) [NCS Release].mp3; Failed to open '/home/eldermf/Música/Cartoon - On & On (feat. Daniel Levi) [NCS Release].mp3': No such file or directory
Aug 28 17:45 : player: played "Cartoon - On & On (feat. Daniel Levi) [NCS Release].mp3"
Aug 28 17:45 : exception: Failed to decode /home/eldermf/Música/Culture Code - Make Me Move (feat. Karra) [NCS Release].mp3; Failed to open '/home/eldermf/Música/Culture Code - Make Me Move (feat. Karra) [NCS Release].mp3': No such file or directory
Aug 28 17:45 : player: played "Culture Code - Make Me Move (feat. Karra) [NCS Release].mp3"
Aug 28 17:45 : exception: Failed to decode /home/eldermf/Música/Janji - Heroes Tonight (feat. Johnning) [NCS Release].mp3; Failed to open '/home/eldermf/Música/Janji - Heroes Tonight (feat. Johnning) [NCS Release].mp3': No such file or directory
Aug 28 17:45 : player: played "Janji - Heroes Tonight (feat. Johnning) [NCS Release].mp3"
Aug 28 17:45 : exception: Failed to decode /home/eldermf/Música/N3WPORT - Power (feat. braev) [NCS Release].mp3; Failed to open '/home/eldermf/Música/N3WPORT - Power (feat. braev) [NCS Release].mp3': No such file or directory
Aug 28 17:45 : player: played "N3WPORT - Power (feat. braev) [NCS Release].mp3"
Aug 28 17:45 : exception: Failed to decode /home/eldermf/Música/Night_The Beauty and the Beast.mp3; Failed to open '/home/eldermf/Música/Night_The Beauty and the Beast.mp3': No such file or directory
Aug 28 17:45 : player: played "Night_The Beauty and the Beast.mp3"
Aug 28 17:45 : exception: Failed to decode /home/eldermf/Música/nightwish_-_sleeping_sun-alc.mp3; Failed to open '/home/eldermf/Música/nightwish_-_sleeping_sun-alc.mp3': No such file or directory
Aug 28 17:45 : player: played "nightwish_-_sleeping_sun-alc.mp3"
Aug 28 17:45 : exception: Failed to decode /home/eldermf/Música/nightwish_-_bless_the_child-alc.mp3; Failed to open '/home/eldermf/Música/nightwish_-_bless_the_child-alc.mp3': No such file or directory
Aug 28 17:45 : player: played "nightwish_-_bless_the_child-alc.mp3"
Aug 28 17:45 : exception: Failed to decode /home/eldermf/Música/Nightwish_Nemo.mp3; Failed to open '/home/eldermf/Música/Nightwish_Nemo.mp3': No such file or directory
Aug 28 17:45 : player: played "Nightwish_Nemo.mp3"
Aug 28 17:50 : exception: Failed to decode /home/eldermf/Música/Nightwish_Nemo.mp3; Failed to open '/home/eldermf/Música/Nightwish_Nemo.mp3': No such file or directory
Aug 28 17:50 : player: played "Nightwish_Nemo.mp3"
Aug 28 17:50 : exception: Failed to decode /home/eldermf/Música/Evanescence_Bring Me To Life.mp3; Failed to open '/home/eldermf/Música/Evanescence_Bring Me To Life.mp3': No such file or directory
Aug 28 17:50 : player: played "Evanescence_Bring Me To Life.mp3"
Aug 28 17:50 : exception: Failed to decode /home/eldermf/Música/Evanescence_My Immortal.mp3; Failed to open '/home/eldermf/Música/Evanescence_My Immortal.mp3': No such file or directory
Aug 28 17:50 : player: played "Evanescence_My Immortal.mp3"
Aug 28 17:50 : exception: Failed to decode /home/eldermf/Música/NEFFEX - Grateful [Copyright Free].mp3; Failed to open '/home/eldermf/Música/NEFFEX - Grateful [Copyright Free].mp3': No such file or directory
Aug 28 17:50 : player: played "NEFFEX - Grateful [Copyright Free].mp3"
Aug 28 17:50 : exception: Failed to decode /home/eldermf/Música/Cartoon - On & On (feat. Daniel Levi) [NCS Release].mp3; Failed to open '/home/eldermf/Música/Cartoon - On & On (feat. Daniel Levi) [NCS Release].mp3': No such file or directory
Aug 28 17:50 : player: played "Cartoon - On & On (feat. Daniel Levi) [NCS Release].mp3"
Aug 28 17:50 : exception: Failed to decode /home/eldermf/Música/Culture Code - Make Me Move (feat. Karra) [NCS Release].mp3; Failed to open '/home/eldermf/Música/Culture Code - Make Me Move (feat. Karra) [NCS Release].mp3': No such file or directory
Aug 28 17:50 : player: played "Culture Code - Make Me Move (feat. Karra) [NCS Release].mp3"
Aug 28 17:50 : exception: Failed to decode /home/eldermf/Música/Janji - Heroes Tonight (feat. Johnning) [NCS Release].mp3; Failed to open '/home/eldermf/Música/Janji - Heroes Tonight (feat. Johnning) [NCS Release].mp3': No such file or directory
Aug 28 17:50 : player: played "Janji - Heroes Tonight (feat. Johnning) [NCS Release].mp3"
Aug 28 17:50 : exception: Failed to decode /home/eldermf/Música/N3WPORT - Power (feat. braev) [NCS Release].mp3; Failed to open '/home/eldermf/Música/N3WPORT - Power (feat. braev) [NCS Release].mp3': No such file or directory
Aug 28 17:50 : player: played "N3WPORT - Power (feat. braev) [NCS Release].mp3"
Aug 28 17:50 : exception: Failed to decode /home/eldermf/Música/Night_The Beauty and the Beast.mp3; Failed to open '/home/eldermf/Música/Night_The Beauty and the Beast.mp3': No such file or directory
Aug 28 17:50 : player: played "Night_The Beauty and the Beast.mp3"
Aug 28 17:50 : exception: Failed to decode /home/eldermf/Música/nightwish_-_sleeping_sun-alc.mp3; Failed to open '/home/eldermf/Música/nightwish_-_sleeping_sun-alc.mp3': No such file or directory
Aug 28 17:50 : player: played "nightwish_-_sleeping_sun-alc.mp3"
Aug 28 17:50 : exception: Failed to decode /home/eldermf/Música/nightwish_-_bless_the_child-alc.mp3; Failed to open '/home/eldermf/Música/nightwish_-_bless_the_child-alc.mp3': No such file or directory
Aug 28 17:50 : player: played "nightwish_-_bless_the_child-alc.mp3"
Aug 28 17:56 : exception: Failed to decode /home/eldermf/Música/nightwish_-_bless_the_child-alc.mp3; Failed to open '/home/eldermf/Música/nightwish_-_bless_the_child-alc.mp3': No such file or directory
Aug 28 17:56 : player: played "nightwish_-_bless_the_child-alc.mp3"
Aug 28 17:56 : exception: Failed to decode /home/eldermf/Música/Nightwish_Nemo.mp3; Failed to open '/home/eldermf/Música/Nightwish_Nemo.mp3': No such file or directory
Aug 28 17:56 : player: played "Nightwish_Nemo.mp3"
Aug 28 17:56 : exception: Failed to decode /home/eldermf/Música/Evanescence_Bring Me To Life.mp3; Failed to open '/home/eldermf/Música/Evanescence_Bring Me To Life.mp3': No such file or directory
Aug 28 17:56 : player: played "Evanescence_Bring Me To Life.mp3"
Aug 28 17:56 : exception: Failed to decode /home/eldermf/Música/Evanescence_My Immortal.mp3; Failed to open '/home/eldermf/Música/Evanescence_My Immortal.mp3': No such file or directory
Aug 28 17:56 : player: played "Evanescence_My Immortal.mp3"
Aug 28 17:56 : exception: Failed to decode /home/eldermf/Música/NEFFEX - Grateful [Copyright Free].mp3; Failed to open '/home/eldermf/Música/NEFFEX - Grateful [Copyright Free].mp3': No such file or directory
Aug 28 17:56 : player: played "NEFFEX - Grateful [Copyright Free].mp3"
Aug 28 17:56 : exception: Failed to decode /home/eldermf/Música/Cartoon - On & On (feat. Daniel Levi) [NCS Release].mp3; Failed to open '/home/eldermf/Música/Cartoon - On & On (feat. Daniel Levi) [NCS Release].mp3': No such file or directory
Aug 28 17:56 : player: played "Cartoon - On & On (feat. Daniel Levi) [NCS Release].mp3"
Aug 28 17:56 : exception: Failed to decode /home/eldermf/Música/Culture Code - Make Me Move (feat. Karra) [NCS Release].mp3; Failed to open '/home/eldermf/Música/Culture Code - Make Me Move (feat. Karra) [NCS Release].mp3': No such file or directory
Aug 28 17:56 : player: played "Culture Code - Make Me Move (feat. Karra) [NCS Release].mp3"
Aug 28 17:56 : exception: Failed to decode /home/eldermf/Música/Janji - Heroes Tonight (feat. Johnning) [NCS Release].mp3; Failed to open '/home/eldermf/Música/Janji - Heroes Tonight (feat. Johnning) [NCS Release].mp3': No such file or directory
Aug 28 17:56 : player: played "Janji - Heroes Tonight (feat. Johnning) [NCS Release].mp3"
Aug 28 17:56 : exception: Failed to decode /home/eldermf/Música/N3WPORT - Power (feat. braev) [NCS Release].mp3; Failed to open '/home/eldermf/Música/N3WPORT - Power (feat. braev) [NCS Release].mp3': No such file or directory
Aug 28 17:56 : player: played "N3WPORT - Power (feat. braev) [NCS Release].mp3"
Aug 28 17:56 : exception: Failed to decode /home/eldermf/Música/Night_The Beauty and the Beast.mp3; Failed to open '/home/eldermf/Música/Night_The Beauty and the Beast.mp3': No such file or directory
Aug 28 17:56 : player: played "Night_The Beauty and the Beast.mp3"
Aug 28 17:56 : exception: Failed to decode /home/eldermf/Música/nightwish_-_sleeping_sun-alc.mp3; Failed to open '/home/eldermf/Música/nightwish_-_sleeping_sun-alc.mp3': No such file or directory
Aug 28 17:56 : player: played "nightwish_-_sleeping_sun-alc.mp3"
Aug 28 18:02 : exception: Failed to decode /home/eldermf/Música/nightwish_-_sleeping_sun-alc.mp3; Failed to open '/home/eldermf/Música/nightwish_-_sleeping_sun-alc.mp3': No such file or directory
Aug 28 18:02 : player: played "nightwish_-_sleeping_sun-alc.mp3"
Aug 28 18:02 : exception: Failed to decode /home/eldermf/Música/nightwish_-_bless_the_child-alc.mp3; Failed to open '/home/eldermf/Música/nightwish_-_bless_the_child-alc.mp3': No such file or directory
Aug 28 18:02 : player: played "nightwish_-_bless_the_child-alc.mp3"
Aug 28 18:02 : exception: Failed to decode /home/eldermf/Música/Nightwish_Nemo.mp3; Failed to open '/home/eldermf/Música/Nightwish_Nemo.mp3': No such file or directory
Aug 28 18:02 : player: played "Nightwish_Nemo.mp3"
Aug 28 18:02 : exception: Failed to decode /home/eldermf/Música/Evanescence_Bring Me To Life.mp3; Failed to open '/home/eldermf/Música/Evanescence_Bring Me To Life.mp3': No such file or directory
Aug 28 18:02 : player: played "Evanescence_Bring Me To Life.mp3"
Aug 28 18:02 : exception: Failed to decode /home/eldermf/Música/Evanescence_My Immortal.mp3; Failed to open '/home/eldermf/Música/Evanescence_My Immortal.mp3': No such file or directory
Aug 28 18:02 : player: played "Evanescence_My Immortal.mp3"
Aug 28 18:02 : exception: Failed to decode /home/eldermf/Música/NEFFEX - Grateful [Copyright Free].mp3; Failed to open '/home/eldermf/Música/NEFFEX - Grateful [Copyright Free].mp3': No such file or directory
Aug 28 18:02 : player: played "NEFFEX - Grateful [Copyright Free].mp3"
Aug 28 18:02 : exception: Failed to decode /home/eldermf/Música/Cartoon - On & On (feat. Daniel Levi) [NCS Release].mp3; Failed to open '/home/eldermf/Música/Cartoon - On & On (feat. Daniel Levi) [NCS Release].mp3': No such file or directory
Aug 28 18:02 : player: played "Cartoon - On & On (feat. Daniel Levi) [NCS Release].mp3"
Aug 28 18:02 : exception: Failed to decode /home/eldermf/Música/Culture Code - Make Me Move (feat. Karra) [NCS Release].mp3; Failed to open '/home/eldermf/Música/Culture Code - Make Me Move (feat. Karra) [NCS Release].mp3': No such file or directory
Aug 28 18:02 : player: played "Culture Code - Make Me Move (feat. Karra) [NCS Release].mp3"
Aug 28 18:02 : exception: Failed to decode /home/eldermf/Música/Janji - Heroes Tonight (feat. Johnning) [NCS Release].mp3; Failed to open '/home/eldermf/Música/Janji - Heroes Tonight (feat. Johnning) [NCS Release].mp3': No such file or directory
Aug 28 18:02 : player: played "Janji - Heroes Tonight (feat. Johnning) [NCS Release].mp3"
Aug 28 18:02 : exception: Failed to decode /home/eldermf/Música/N3WPORT - Power (feat. braev) [NCS Release].mp3; Failed to open '/home/eldermf/Música/N3WPORT - Power (feat. braev) [NCS Release].mp3': No such file or directory
Aug 28 18:02 : player: played "N3WPORT - Power (feat. braev) [NCS Release].mp3"
Aug 28 18:02 : exception: Failed to decode /home/eldermf/Música/Night_The Beauty and the Beast.mp3; Failed to open '/home/eldermf/Música/Night_The Beauty and the Beast.mp3': No such file or directory
Aug 28 18:02 : player: played "Night_The Beauty and the Beast.mp3"
Aug 28 18:02 : exception: Failed to decode /home/eldermf/Música/Night_The Beauty and the Beast.mp3; Failed to open '/home/eldermf/Música/Night_The Beauty and the Beast.mp3': No such file or directory
Aug 28 18:02 : player: played "Night_The Beauty and the Beast.mp3"
Aug 28 18:02 : exception: Failed to decode /home/eldermf/Música/nightwish_-_sleeping_sun-alc.mp3; Failed to open '/home/eldermf/Música/nightwish_-_sleeping_sun-alc.mp3': No such file or directory
Aug 28 18:02 : player: played "nightwish_-_sleeping_sun-alc.mp3"
Aug 28 18:02 : exception: Failed to decode /home/eldermf/Música/nightwish_-_bless_the_child-alc.mp3; Failed to open '/home/eldermf/Música/nightwish_-_bless_the_child-alc.mp3': No such file or directory
Aug 28 18:02 : player: played "nightwish_-_bless_the_child-alc.mp3"
Aug 28 18:02 : exception: Failed to decode /home/eldermf/Música/Nightwish_Nemo.mp3; Failed to open '/home/eldermf/Música/Nightwish_Nemo.mp3': No such file or directory
Aug 28 18:02 : player: played "Nightwish_Nemo.mp3"
Aug 28 18:02 : exception: Failed to decode /home/eldermf/Música/Evanescence_Bring Me To Life.mp3; Failed to open '/home/eldermf/Música/Evanescence_Bring Me To Life.mp3': No such file or directory
Aug 28 18:02 : player: played "Evanescence_Bring Me To Life.mp3"
Aug 28 18:02 : exception: Failed to decode /home/eldermf/Música/Evanescence_My Immortal.mp3; Failed to open '/home/eldermf/Música/Evanescence_My Immortal.mp3': No such file or directory
Aug 28 18:02 : player: played "Evanescence_My Immortal.mp3"
Aug 28 18:02 : exception: Failed to decode /home/eldermf/Música/NEFFEX - Grateful [Copyright Free].mp3; Failed to open '/home/eldermf/Música/NEFFEX - Grateful [Copyright Free].mp3': No such file or directory
Aug 28 18:02 : player: played "NEFFEX - Grateful [Copyright Free].mp3"
Aug 28 18:02 : exception: Failed to decode /home/eldermf/Música/Cartoon - On & On (feat. Daniel Levi) [NCS Release].mp3; Failed to open '/home/eldermf/Música/Cartoon - On & On (feat. Daniel Levi) [NCS Release].mp3': No such file or directory
Aug 28 18:02 : player: played "Cartoon - On & On (feat. Daniel Levi) [NCS Release].mp3"
Aug 28 18:02 : exception: Failed to decode /home/eldermf/Música/Culture Code - Make Me Move (feat. Karra) [NCS Release].mp3; Failed to open '/home/eldermf/Música/Culture Code - Make Me Move (feat. Karra) [NCS Release].mp3': No such file or directory
Aug 28 18:02 : player: played "Culture Code - Make Me Move (feat. Karra) [NCS Release].mp3"
Aug 28 18:02 : exception: Failed to decode /home/eldermf/Música/Janji - Heroes Tonight (feat. Johnning) [NCS Release].mp3; Failed to open '/home/eldermf/Música/Janji - Heroes Tonight (feat. Johnning) [NCS Release].mp3': No such file or directory
Aug 28 18:02 : player: played "Janji - Heroes Tonight (feat. Johnning) [NCS Release].mp3"
Aug 28 18:02 : exception: Failed to decode /home/eldermf/Música/N3WPORT - Power (feat. braev) [NCS Release].mp3; Failed to open '/home/eldermf/Música/N3WPORT - Power (feat. braev) [NCS Release].mp3': No such file or directory
Aug 28 18:02 : player: played "N3WPORT - Power (feat. braev) [NCS Release].mp3"
Aug 28 18:03 : exception: Failed to decode /home/eldermf/Música/N3WPORT - Power (feat. braev) [NCS Release].mp3; Failed to open '/home/eldermf/Música/N3WPORT - Power (feat. braev) [NCS Release].mp3': No such file or directory
Aug 28 18:03 : player: played "N3WPORT - Power (feat. braev) [NCS Release].mp3"
Aug 28 18:03 : exception: Failed to decode /home/eldermf/Música/Night_The Beauty and the Beast.mp3; Failed to open '/home/eldermf/Música/Night_The Beauty and the Beast.mp3': No such file or directory
Aug 28 18:03 : player: played "Night_The Beauty and the Beast.mp3"
Aug 28 18:03 : exception: Failed to decode /home/eldermf/Música/nightwish_-_sleeping_sun-alc.mp3; Failed to open '/home/eldermf/Música/nightwish_-_sleeping_sun-alc.mp3': No such file or directory
Aug 28 18:03 : player: played "nightwish_-_sleeping_sun-alc.mp3"
Aug 28 18:03 : exception: Failed to decode /home/eldermf/Música/nightwish_-_bless_the_child-alc.mp3; Failed to open '/home/eldermf/Música/nightwish_-_bless_the_child-alc.mp3': No such file or directory
Aug 28 18:03 : player: played "nightwish_-_bless_the_child-alc.mp3"
Aug 28 18:03 : exception: Failed to decode /home/eldermf/Música/Nightwish_Nemo.mp3; Failed to open '/home/eldermf/Música/Nightwish_Nemo.mp3': No such file or directory
Aug 28 18:03 : player: played "Nightwish_Nemo.mp3"
Aug 28 18:03 : exception: Failed to decode /home/eldermf/Música/Evanescence_Bring Me To Life.mp3; Failed to open '/home/eldermf/Música/Evanescence_Bring Me To Life.mp3': No such file or directory
Aug 28 18:03 : player: played "Evanescence_Bring Me To Life.mp3"
Aug 28 18:03 : exception: Failed to decode /home/eldermf/Música/Evanescence_My Immortal.mp3; Failed to open '/home/eldermf/Música/Evanescence_My Immortal.mp3': No such file or directory
Aug 28 18:03 : player: played "Evanescence_My Immortal.mp3"
Aug 28 18:03 : exception: Failed to decode /home/eldermf/Música/NEFFEX - Grateful [Copyright Free].mp3; Failed to open '/home/eldermf/Música/NEFFEX - Grateful [Copyright Free].mp3': No such file or directory
Aug 28 18:03 : player: played "NEFFEX - Grateful [Copyright Free].mp3"
Aug 28 18:03 : exception: Failed to decode /home/eldermf/Música/Cartoon - On & On (feat. Daniel Levi) [NCS Release].mp3; Failed to open '/home/eldermf/Música/Cartoon - On & On (feat. Daniel Levi) [NCS Release].mp3': No such file or directory
Aug 28 18:03 : player: played "Cartoon - On & On (feat. Daniel Levi) [NCS Release].mp3"
Aug 28 18:03 : exception: Failed to decode /home/eldermf/Música/Culture Code - Make Me Move (feat. Karra) [NCS Release].mp3; Failed to open '/home/eldermf/Música/Culture Code - Make Me Move (feat. Karra) [NCS Release].mp3': No such file or directory
Aug 28 18:03 : player: played "Culture Code - Make Me Move (feat. Karra) [NCS Release].mp3"
Aug 28 18:03 : exception: Failed to decode /home/eldermf/Música/Janji - Heroes Tonight (feat. Johnning) [NCS Release].mp3; Failed to open '/home/eldermf/Música/Janji - Heroes Tonight (feat. Johnning) [NCS Release].mp3': No such file or directory
Aug 28 18:03 : player: played "Janji - Heroes Tonight (feat. Johnning) [NCS Release].mp3"
Aug 28 18:25 : exception: Failed to decode /home/eldermf/Música/Janji - Heroes Tonight (feat. Johnning) [NCS Release].mp3; Failed to open '/home/eldermf/Música/Janji - Heroes Tonight (feat. Johnning) [NCS Release].mp3': No such file or directory
Aug 28 18:25 : exception: Failed to decode /home/eldermf/Música/N3WPORT - Power (feat. braev) [NCS Release].mp3; Failed to open '/home/eldermf/Música/N3WPORT - Power (feat. braev) [NCS Release].mp3': No such file or directory
Aug 28 18:25 : player: played "Janji - Heroes Tonight (feat. Johnning) [NCS Release].mp3"
Aug 28 18:25 : exception: Failed to decode /home/eldermf/Música/N3WPORT - Power (feat. braev) [NCS Release].mp3; Failed to open '/home/eldermf/Música/N3WPORT - Power (feat. braev) [NCS Release].mp3': No such file or directory
Aug 28 18:25 : player: played "N3WPORT - Power (feat. braev) [NCS Release].mp3"
Aug 28 18:25 : exception: Failed to decode /home/eldermf/Música/Night_The Beauty and the Beast.mp3; Failed to open '/home/eldermf/Música/Night_The Beauty and the Beast.mp3': No such file or directory
Aug 28 18:25 : player: played "Night_The Beauty and the Beast.mp3"
Aug 28 18:25 : exception: Failed to decode /home/eldermf/Música/nightwish_-_sleeping_sun-alc.mp3; Failed to open '/home/eldermf/Música/nightwish_-_sleeping_sun-alc.mp3': No such file or directory
Aug 28 18:25 : player: played "nightwish_-_sleeping_sun-alc.mp3"
Aug 28 18:25 : exception: Failed to decode /home/eldermf/Música/nightwish_-_bless_the_child-alc.mp3; Failed to open '/home/eldermf/Música/nightwish_-_bless_the_child-alc.mp3': No such file or directory
Aug 28 18:25 : player: played "nightwish_-_bless_the_child-alc.mp3"
Aug 28 18:25 : exception: Failed to decode /home/eldermf/Música/Nightwish_Nemo.mp3; Failed to open '/home/eldermf/Música/Nightwish_Nemo.mp3': No such file or directory
Aug 28 18:25 : player: played "Nightwish_Nemo.mp3"
Aug 28 18:25 : exception: Failed to decode /home/eldermf/Música/Evanescence_Bring Me To Life.mp3; Failed to open '/home/eldermf/Música/Evanescence_Bring Me To Life.mp3': No such file or directory
Aug 28 18:25 : player: played "Evanescence_Bring Me To Life.mp3"
Aug 28 18:25 : exception: Failed to decode /home/eldermf/Música/Evanescence_My Immortal.mp3; Failed to open '/home/eldermf/Música/Evanescence_My Immortal.mp3': No such file or directory
Aug 28 18:25 : player: played "Evanescence_My Immortal.mp3"
Aug 28 18:25 : exception: Failed to decode /home/eldermf/Música/NEFFEX - Grateful [Copyright Free].mp3; Failed to open '/home/eldermf/Música/NEFFEX - Grateful [Copyright Free].mp3': No such file or directory
Aug 28 18:25 : exception: Failed to decode /home/eldermf/Música/Cartoon - On & On (feat. Daniel Levi) [NCS Release].mp3; Failed to open '/home/eldermf/Música/Cartoon - On & On (feat. Daniel Levi) [NCS Release].mp3': No such file or directory
Aug 28 18:25 : player: played "NEFFEX - Grateful [Copyright Free].mp3"
Aug 28 18:25 : exception: Failed to decode /home/eldermf/Música/Cartoon - On & On (feat. Daniel Levi) [NCS Release].mp3; Failed to open '/home/eldermf/Música/Cartoon - On & On (feat. Daniel Levi) [NCS Release].mp3': No such file or directory
Aug 28 18:25 : player: played "Cartoon - On & On (feat. Daniel Levi) [NCS Release].mp3"
Aug 28 18:25 : exception: Failed to decode /home/eldermf/Música/Culture Code - Make Me Move (feat. Karra) [NCS Release].mp3; Failed to open '/home/eldermf/Música/Culture Code - Make Me Move (feat. Karra) [NCS Release].mp3': No such file or directory
Aug 28 18:25 : player: played "Culture Code - Make Me Move (feat. Karra) [NCS Release].mp3"
Aug 28 18:40 : exception: Failed to decode /home/eldermf/Música/Culture Code - Make Me Move (feat. Karra) [NCS Release].mp3; Failed to open '/home/eldermf/Música/Culture Code - Make Me Move (feat. Karra) [NCS Release].mp3': No such file or directory
Aug 28 18:40 : exception: Failed to decode /home/eldermf/Música/Janji - Heroes Tonight (feat. Johnning) [NCS Release].mp3; Failed to open '/home/eldermf/Música/Janji - Heroes Tonight (feat. Johnning) [NCS Release].mp3': No such file or directory
Aug 28 18:40 : player: played "Culture Code - Make Me Move (feat. Karra) [NCS Release].mp3"
Aug 28 18:40 : exception: Failed to decode /home/eldermf/Música/Janji - Heroes Tonight (feat. Johnning) [NCS Release].mp3; Failed to open '/home/eldermf/Música/Janji - Heroes Tonight (feat. Johnning) [NCS Release].mp3': No such file or directory
Aug 28 18:40 : exception: Failed to decode /home/eldermf/Música/N3WPORT - Power (feat. braev) [NCS Release].mp3; Failed to open '/home/eldermf/Música/N3WPORT - Power (feat. braev) [NCS Release].mp3': No such file or directory
Aug 28 18:40 : player: played "Janji - Heroes Tonight (feat. Johnning) [NCS Release].mp3"
Aug 28 18:40 : exception: Failed to decode /home/eldermf/Música/N3WPORT - Power (feat. braev) [NCS Release].mp3; Failed to open '/home/eldermf/Música/N3WPORT - Power (feat. braev) [NCS Release].mp3': No such file or directory
Aug 28 18:40 : player: played "N3WPORT - Power (feat. braev) [NCS Release].mp3"
Aug 28 18:40 : exception: Failed to decode /home/eldermf/Música/Night_The Beauty and the Beast.mp3; Failed to open '/home/eldermf/Música/Night_The Beauty and the Beast.mp3': No such file or directory
Aug 28 18:40 : player: played "Night_The Beauty and the Beast.mp3"
Aug 28 18:40 : exception: Failed to decode /home/eldermf/Música/nightwish_-_sleeping_sun-alc.mp3; Failed to open '/home/eldermf/Música/nightwish_-_sleeping_sun-alc.mp3': No such file or directory
Aug 28 18:40 : player: played "nightwish_-_sleeping_sun-alc.mp3"
Aug 28 18:40 : exception: Failed to decode /home/eldermf/Música/nightwish_-_bless_the_child-alc.mp3; Failed to open '/home/eldermf/Música/nightwish_-_bless_the_child-alc.mp3': No such file or directory
Aug 28 18:40 : exception: Failed to decode /home/eldermf/Música/Nightwish_Nemo.mp3; Failed to open '/home/eldermf/Música/Nightwish_Nemo.mp3': No such file or directory
Aug 28 18:40 : player: played "nightwish_-_bless_the_child-alc.mp3"
Aug 28 18:40 : exception: Failed to decode /home/eldermf/Música/Nightwish_Nemo.mp3; Failed to open '/home/eldermf/Música/Nightwish_Nemo.mp3': No such file or directory
Aug 28 18:40 : exception: Failed to decode /home/eldermf/Música/Evanescence_Bring Me To Life.mp3; Failed to open '/home/eldermf/Música/Evanescence_Bring Me To Life.mp3': No such file or directory
Aug 28 18:40 : player: played "Nightwish_Nemo.mp3"
Aug 28 18:40 : exception: Failed to decode /home/eldermf/Música/Evanescence_Bring Me To Life.mp3; Failed to open '/home/eldermf/Música/Evanescence_Bring Me To Life.mp3': No such file or directory
Aug 28 18:40 : exception: Failed to decode /home/eldermf/Música/Evanescence_My Immortal.mp3; Failed to open '/home/eldermf/Música/Evanescence_My Immortal.mp3': No such file or directory
Aug 28 18:40 : player: played "Evanescence_Bring Me To Life.mp3"
Aug 28 18:40 : exception: Failed to decode /home/eldermf/Música/Evanescence_My Immortal.mp3; Failed to open '/home/eldermf/Música/Evanescence_My Immortal.mp3': No such file or directory
Aug 28 18:40 : exception: Failed to decode /home/eldermf/Música/NEFFEX - Grateful [Copyright Free].mp3; Failed to open '/home/eldermf/Música/NEFFEX - Grateful [Copyright Free].mp3': No such file or directory
Aug 28 18:40 : player: played "Evanescence_My Immortal.mp3"
Aug 28 18:40 : exception: Failed to decode /home/eldermf/Música/NEFFEX - Grateful [Copyright Free].mp3; Failed to open '/home/eldermf/Música/NEFFEX - Grateful [Copyright Free].mp3': No such file or directory
Aug 28 18:40 : exception: Failed to decode /home/eldermf/Música/Cartoon - On & On (feat. Daniel Levi) [NCS Release].mp3; Failed to open '/home/eldermf/Música/Cartoon - On & On (feat. Daniel Levi) [NCS Release].mp3': No such file or directory
Aug 28 18:40 : player: played "NEFFEX - Grateful [Copyright Free].mp3"
Aug 28 18:40 : exception: Failed to decode /home/eldermf/Música/Cartoon - On & On (feat. Daniel Levi) [NCS Release].mp3; Failed to open '/home/eldermf/Música/Cartoon - On & On (feat. Daniel Levi) [NCS Release].mp3': No such file or directory
Aug 28 18:40 : exception: Failed to decode /home/eldermf/Música/Culture Code - Make Me Move (feat. Karra) [NCS Release].mp3; Failed to open '/home/eldermf/Música/Culture Code - Make Me Move (feat. Karra) [NCS Release].mp3': No such file or directory
Aug 28 18:40 : player: played "Cartoon - On & On (feat. Daniel Levi) [NCS Release].mp3"
Aug 28 18:40 : exception: Failed to decode /home/eldermf/Música/Cartoon - On & On (feat. Daniel Levi) [NCS Release].mp3; Failed to open '/home/eldermf/Música/Cartoon - On & On (feat. Daniel Levi) [NCS Release].mp3': No such file or directory
Aug 28 18:40 : exception: Failed to decode /home/eldermf/Música/Culture Code - Make Me Move (feat. Karra) [NCS Release].mp3; Failed to open '/home/eldermf/Música/Culture Code - Make Me Move (feat. Karra) [NCS Release].mp3': No such file or directory
Aug 28 18:40 : player: played "Cartoon - On & On (feat. Daniel Levi) [NCS Release].mp3"
Aug 28 18:40 : exception: Failed to decode /home/eldermf/Música/Culture Code - Make Me Move (feat. Karra) [NCS Release].mp3; Failed to open '/home/eldermf/Música/Culture Code - Make Me Move (feat. Karra) [NCS Release].mp3': No such file or directory
Aug 28 18:40 : player: played "Culture Code - Make Me Move (feat. Karra) [NCS Release].mp3"
Aug 28 18:40 : exception: Failed to decode /home/eldermf/Música/Janji - Heroes Tonight (feat. Johnning) [NCS Release].mp3; Failed to open '/home/eldermf/Música/Janji - Heroes Tonight (feat. Johnning) [NCS Release].mp3': No such file or directory
Aug 28 18:40 : player: played "Janji - Heroes Tonight (feat. Johnning) [NCS Release].mp3"
Aug 28 18:40 : exception: Failed to decode /home/eldermf/Música/N3WPORT - Power (feat. braev) [NCS Release].mp3; Failed to open '/home/eldermf/Música/N3WPORT - Power (feat. braev) [NCS Release].mp3': No such file or directory
Aug 28 18:40 : player: played "N3WPORT - Power (feat. braev) [NCS Release].mp3"
Aug 28 18:40 : exception: Failed to decode /home/eldermf/Música/Night_The Beauty and the Beast.mp3; Failed to open '/home/eldermf/Música/Night_The Beauty and the Beast.mp3': No such file or directory
Aug 28 18:40 : player: played "Night_The Beauty and the Beast.mp3"
Aug 28 18:40 : exception: Failed to decode /home/eldermf/Música/nightwish_-_sleeping_sun-alc.mp3; Failed to open '/home/eldermf/Música/nightwish_-_sleeping_sun-alc.mp3': No such file or directory
Aug 28 18:40 : player: played "nightwish_-_sleeping_sun-alc.mp3"
Aug 28 18:40 : exception: Failed to decode /home/eldermf/Música/nightwish_-_bless_the_child-alc.mp3; Failed to open '/home/eldermf/Música/nightwish_-_bless_the_child-alc.mp3': No such file or directory
Aug 28 18:40 : player: played "nightwish_-_bless_the_child-alc.mp3"
Aug 28 18:40 : exception: Failed to decode /home/eldermf/Música/Nightwish_Nemo.mp3; Failed to open '/home/eldermf/Música/Nightwish_Nemo.mp3': No such file or directory
Aug 28 18:40 : player: played "Nightwish_Nemo.mp3"
Aug 28 18:40 : exception: Failed to decode /home/eldermf/Música/Evanescence_Bring Me To Life.mp3; Failed to open '/home/eldermf/Música/Evanescence_Bring Me To Life.mp3': No such file or directory
Aug 28 18:40 : player: played "Evanescence_Bring Me To Life.mp3"
Aug 28 18:40 : exception: Failed to decode /home/eldermf/Música/Evanescence_My Immortal.mp3; Failed to open '/home/eldermf/Música/Evanescence_My Immortal.mp3': No such file or directory
Aug 28 18:40 : player: played "Evanescence_My Immortal.mp3"
Aug 28 18:40 : exception: Failed to decode /home/eldermf/Música/NEFFEX - Grateful [Copyright Free].mp3; Failed to open '/home/eldermf/Música/NEFFEX - Grateful [Copyright Free].mp3': No such file or directory
Aug 28 18:40 : player: played "NEFFEX - Grateful [Copyright Free].mp3"
Aug 28 18:50 : exception: Failed to decode /home/eldermf/Música/NEFFEX - Grateful [Copyright Free].mp3; Failed to open '/home/eldermf/Música/NEFFEX - Grateful [Copyright Free].mp3': No such file or directory
Aug 28 18:50 : player: played "NEFFEX - Grateful [Copyright Free].mp3"
Aug 28 18:50 : exception: Failed to decode /home/eldermf/Música/Cartoon - On & On (feat. Daniel Levi) [NCS Release].mp3; Failed to open '/home/eldermf/Música/Cartoon - On & On (feat. Daniel Levi) [NCS Release].mp3': No such file or directory
Aug 28 18:50 : exception: Failed to decode /home/eldermf/Música/Culture Code - Make Me Move (feat. Karra) [NCS Release].mp3; Failed to open '/home/eldermf/Música/Culture Code - Make Me Move (feat. Karra) [NCS Release].mp3': No such file or directory
Aug 28 18:50 : player: played "Cartoon - On & On (feat. Daniel Levi) [NCS Release].mp3"
Aug 28 18:50 : exception: Failed to decode /home/eldermf/Música/Culture Code - Make Me Move (feat. Karra) [NCS Release].mp3; Failed to open '/home/eldermf/Música/Culture Code - Make Me Move (feat. Karra) [NCS Release].mp3': No such file or directory
Aug 28 18:50 : player: played "Culture Code - Make Me Move (feat. Karra) [NCS Release].mp3"
Aug 28 18:50 : exception: Failed to decode /home/eldermf/Música/Janji - Heroes Tonight (feat. Johnning) [NCS Release].mp3; Failed to open '/home/eldermf/Música/Janji - Heroes Tonight (feat. Johnning) [NCS Release].mp3': No such file or directory
Aug 28 18:50 : player: played "Janji - Heroes Tonight (feat. Johnning) [NCS Release].mp3"
Aug 28 18:50 : exception: Failed to decode /home/eldermf/Música/N3WPORT - Power (feat. braev) [NCS Release].mp3; Failed to open '/home/eldermf/Música/N3WPORT - Power (feat. braev) [NCS Release].mp3': No such file or directory
Aug 28 18:50 : player: played "N3WPORT - Power (feat. braev) [NCS Release].mp3"
Aug 28 18:50 : exception: Failed to decode /home/eldermf/Música/Night_The Beauty and the Beast.mp3; Failed to open '/home/eldermf/Música/Night_The Beauty and the Beast.mp3': No such file or directory
Aug 28 18:50 : player: played "Night_The Beauty and the Beast.mp3"
Aug 28 18:50 : exception: Failed to decode /home/eldermf/Música/nightwish_-_sleeping_sun-alc.mp3; Failed to open '/home/eldermf/Música/nightwish_-_sleeping_sun-alc.mp3': No such file or directory
Aug 28 18:50 : player: played "nightwish_-_sleeping_sun-alc.mp3"
Aug 28 18:50 : exception: Failed to decode /home/eldermf/Música/nightwish_-_bless_the_child-alc.mp3; Failed to open '/home/eldermf/Música/nightwish_-_bless_the_child-alc.mp3': No such file or directory
Aug 28 18:50 : player: played "nightwish_-_bless_the_child-alc.mp3"
Aug 28 18:50 : exception: Failed to decode /home/eldermf/Música/Nightwish_Nemo.mp3; Failed to open '/home/eldermf/Música/Nightwish_Nemo.mp3': No such file or directory
Aug 28 18:50 : player: played "Nightwish_Nemo.mp3"
Aug 28 18:50 : exception: Failed to decode /home/eldermf/Música/Evanescence_Bring Me To Life.mp3; Failed to open '/home/eldermf/Música/Evanescence_Bring Me To Life.mp3': No such file or directory
Aug 28 18:50 : player: played "Evanescence_Bring Me To Life.mp3"
Aug 28 18:50 : exception: Failed to decode /home/eldermf/Música/Evanescence_My Immortal.mp3; Failed to open '/home/eldermf/Música/Evanescence_My Immortal.mp3': No such file or directory
Aug 28 18:50 : player: played "Evanescence_My Immortal.mp3"
Aug 28 18:50 : exception: Failed to decode /home/eldermf/Música/Evanescence_My Immortal.mp3; Failed to open '/home/eldermf/Música/Evanescence_My Immortal.mp3': No such file or directory
Aug 28 18:50 : exception: Failed to decode /home/eldermf/Música/NEFFEX - Grateful [Copyright Free].mp3; Failed to open '/home/eldermf/Música/NEFFEX - Grateful [Copyright Free].mp3': No such file or directory
Aug 28 18:50 : player: played "Evanescence_My Immortal.mp3"
Aug 28 18:50 : exception: Failed to decode /home/eldermf/Música/NEFFEX - Grateful [Copyright Free].mp3; Failed to open '/home/eldermf/Música/NEFFEX - Grateful [Copyright Free].mp3': No such file or directory
Aug 28 18:50 : player: played "NEFFEX - Grateful [Copyright Free].mp3"
Aug 28 18:50 : exception: Failed to decode /home/eldermf/Música/Cartoon - On & On (feat. Daniel Levi) [NCS Release].mp3; Failed to open '/home/eldermf/Música/Cartoon - On & On (feat. Daniel Levi) [NCS Release].mp3': No such file or directory
Aug 28 18:50 : player: played "Cartoon - On & On (feat. Daniel Levi) [NCS Release].mp3"
Aug 28 18:50 : exception: Failed to decode /home/eldermf/Música/Culture Code - Make Me Move (feat. Karra) [NCS Release].mp3; Failed to open '/home/eldermf/Música/Culture Code - Make Me Move (feat. Karra) [NCS Release].mp3': No such file or directory
Aug 28 18:50 : player: played "Culture Code - Make Me Move (feat. Karra) [NCS Release].mp3"
Aug 28 18:50 : exception: Failed to decode /home/eldermf/Música/Janji - Heroes Tonight (feat. Johnning) [NCS Release].mp3; Failed to open '/home/eldermf/Música/Janji - Heroes Tonight (feat. Johnning) [NCS Release].mp3': No such file or directory
Aug 28 18:50 : player: played "Janji - Heroes Tonight (feat. Johnning) [NCS Release].mp3"
Aug 28 18:50 : exception: Failed to decode /home/eldermf/Música/N3WPORT - Power (feat. braev) [NCS Release].mp3; Failed to open '/home/eldermf/Música/N3WPORT - Power (feat. braev) [NCS Release].mp3': No such file or directory
Aug 28 18:50 : player: played "N3WPORT - Power (feat. braev) [NCS Release].mp3"
Aug 28 18:50 : exception: Failed to decode /home/eldermf/Música/Night_The Beauty and the Beast.mp3; Failed to open '/home/eldermf/Música/Night_The Beauty and the Beast.mp3': No such file or directory
Aug 28 18:50 : player: played "Night_The Beauty and the Beast.mp3"
Aug 28 18:50 : exception: Failed to decode /home/eldermf/Música/nightwish_-_sleeping_sun-alc.mp3; Failed to open '/home/eldermf/Música/nightwish_-_sleeping_sun-alc.mp3': No such file or directory
Aug 28 18:50 : player: played "nightwish_-_sleeping_sun-alc.mp3"
Aug 28 18:50 : exception: Failed to decode /home/eldermf/Música/nightwish_-_bless_the_child-alc.mp3; Failed to open '/home/eldermf/Música/nightwish_-_bless_the_child-alc.mp3': No such file or directory
Aug 28 18:50 : player: played "nightwish_-_bless_the_child-alc.mp3"
Aug 28 18:50 : exception: Failed to decode /home/eldermf/Música/Nightwish_Nemo.mp3; Failed to open '/home/eldermf/Música/Nightwish_Nemo.mp3': No such file or directory
Aug 28 18:50 : player: played "Nightwish_Nemo.mp3"
Aug 28 18:50 : exception: Failed to decode /home/eldermf/Música/Evanescence_Bring Me To Life.mp3; Failed to open '/home/eldermf/Música/Evanescence_Bring Me To Life.mp3': No such file or directory
Aug 28 18:50 : player: played "Evanescence_Bring Me To Life.mp3"
Aug 28 19:04 : exception: Failed to decode /home/eldermf/Música/Evanescence_Bring Me To Life.mp3; Failed to open '/home/eldermf/Música/Evanescence_Bring Me To Life.mp3': No such file or directory
Aug 28 19:04 : exception: Failed to decode /home/eldermf/Música/Evanescence_My Immortal.mp3; Failed to open '/home/eldermf/Música/Evanescence_My Immortal.mp3': No such file or directory
Aug 28 19:04 : player: played "Evanescence_Bring Me To Life.mp3"
Aug 28 19:04 : exception: Failed to decode /home/eldermf/Música/Evanescence_My Immortal.mp3; Failed to open '/home/eldermf/Música/Evanescence_My Immortal.mp3': No such file or directory
Aug 28 19:04 : player: played "Evanescence_My Immortal.mp3"
Aug 28 19:04 : exception: Failed to decode /home/eldermf/Música/NEFFEX - Grateful [Copyright Free].mp3; Failed to open '/home/eldermf/Música/NEFFEX - Grateful [Copyright Free].mp3': No such file or directory
Aug 28 19:04 : player: played "NEFFEX - Grateful [Copyright Free].mp3"
Aug 28 19:04 : exception: Failed to decode /home/eldermf/Música/Cartoon - On & On (feat. Daniel Levi) [NCS Release].mp3; Failed to open '/home/eldermf/Música/Cartoon - On & On (feat. Daniel Levi) [NCS Release].mp3': No such file or directory
Aug 28 19:04 : player: played "Cartoon - On & On (feat. Daniel Levi) [NCS Release].mp3"
Aug 28 19:04 : exception: Failed to decode /home/eldermf/Música/Culture Code - Make Me Move (feat. Karra) [NCS Release].mp3; Failed to open '/home/eldermf/Música/Culture Code - Make Me Move (feat. Karra) [NCS Release].mp3': No such file or directory
Aug 28 19:04 : player: played "Culture Code - Make Me Move (feat. Karra) [NCS Release].mp3"
Aug 28 19:04 : exception: Failed to decode /home/eldermf/Música/Janji - Heroes Tonight (feat. Johnning) [NCS Release].mp3; Failed to open '/home/eldermf/Música/Janji - Heroes Tonight (feat. Johnning) [NCS Release].mp3': No such file or directory
Aug 28 19:04 : player: played "Janji - Heroes Tonight (feat. Johnning) [NCS Release].mp3"
Aug 28 19:04 : exception: Failed to decode /home/eldermf/Música/N3WPORT - Power (feat. braev) [NCS Release].mp3; Failed to open '/home/eldermf/Música/N3WPORT - Power (feat. braev) [NCS Release].mp3': No such file or directory
Aug 28 19:04 : player: played "N3WPORT - Power (feat. braev) [NCS Release].mp3"
Aug 28 19:04 : exception: Failed to decode /home/eldermf/Música/Night_The Beauty and the Beast.mp3; Failed to open '/home/eldermf/Música/Night_The Beauty and the Beast.mp3': No such file or directory
Aug 28 19:04 : player: played "Night_The Beauty and the Beast.mp3"
Aug 28 19:04 : exception: Failed to decode /home/eldermf/Música/nightwish_-_sleeping_sun-alc.mp3; Failed to open '/home/eldermf/Música/nightwish_-_sleeping_sun-alc.mp3': No such file or directory
Aug 28 19:04 : player: played "nightwish_-_sleeping_sun-alc.mp3"
Aug 28 19:04 : exception: Failed to decode /home/eldermf/Música/nightwish_-_bless_the_child-alc.mp3; Failed to open '/home/eldermf/Música/nightwish_-_bless_the_child-alc.mp3': No such file or directory
Aug 28 19:04 : player: played "nightwish_-_bless_the_child-alc.mp3"
Aug 28 19:04 : exception: Failed to decode /home/eldermf/Música/Nightwish_Nemo.mp3; Failed to open '/home/eldermf/Música/Nightwish_Nemo.mp3': No such file or directory
Aug 28 19:04 : player: played "Nightwish_Nemo.mp3"
Aug 28 19:07 : exception: Failed to decode /home/eldermf/Música/Nightwish_Nemo.mp3; Failed to open '/home/eldermf/Música/Nightwish_Nemo.mp3': No such file or directory
Aug 28 19:07 : player: played "Nightwish_Nemo.mp3"
Aug 28 19:07 : exception: Failed to decode /home/eldermf/Música/Evanescence_Bring Me To Life.mp3; Failed to open '/home/eldermf/Música/Evanescence_Bring Me To Life.mp3': No such file or directory
Aug 28 19:07 : exception: Failed to decode /home/eldermf/Música/Evanescence_My Immortal.mp3; Failed to open '/home/eldermf/Música/Evanescence_My Immortal.mp3': No such file or directory
Aug 28 19:07 : player: played "Evanescence_Bring Me To Life.mp3"
Aug 28 19:07 : exception: Failed to decode /home/eldermf/Música/Evanescence_My Immortal.mp3; Failed to open '/home/eldermf/Música/Evanescence_My Immortal.mp3': No such file or directory
Aug 28 19:07 : player: played "Evanescence_My Immortal.mp3"
Aug 28 19:07 : exception: Failed to decode /home/eldermf/Música/NEFFEX - Grateful [Copyright Free].mp3; Failed to open '/home/eldermf/Música/NEFFEX - Grateful [Copyright Free].mp3': No such file or directory
Aug 28 19:07 : player: played "NEFFEX - Grateful [Copyright Free].mp3"
Aug 28 19:07 : exception: Failed to decode /home/eldermf/Música/Cartoon - On & On (feat. Daniel Levi) [NCS Release].mp3; Failed to open '/home/eldermf/Música/Cartoon - On & On (feat. Daniel Levi) [NCS Release].mp3': No such file or directory
Aug 28 19:07 : player: played "Cartoon - On & On (feat. Daniel Levi) [NCS Release].mp3"
Aug 28 19:07 : exception: Failed to decode /home/eldermf/Música/Culture Code - Make Me Move (feat. Karra) [NCS Release].mp3; Failed to open '/home/eldermf/Música/Culture Code - Make Me Move (feat. Karra) [NCS Release].mp3': No such file or directory
Aug 28 19:07 : player: played "Culture Code - Make Me Move (feat. Karra) [NCS Release].mp3"
Aug 28 19:07 : exception: Failed to decode /home/eldermf/Música/Janji - Heroes Tonight (feat. Johnning) [NCS Release].mp3; Failed to open '/home/eldermf/Música/Janji - Heroes Tonight (feat. Johnning) [NCS Release].mp3': No such file or directory
Aug 28 19:07 : player: played "Janji - Heroes Tonight (feat. Johnning) [NCS Release].mp3"
Aug 28 19:07 : exception: Failed to decode /home/eldermf/Música/N3WPORT - Power (feat. braev) [NCS Release].mp3; Failed to open '/home/eldermf/Música/N3WPORT - Power (feat. braev) [NCS Release].mp3': No such file or directory
Aug 28 19:07 : player: played "N3WPORT - Power (feat. braev) [NCS Release].mp3"
Aug 28 19:07 : exception: Failed to decode /home/eldermf/Música/Night_The Beauty and the Beast.mp3; Failed to open '/home/eldermf/Música/Night_The Beauty and the Beast.mp3': No such file or directory
Aug 28 19:07 : player: played "Night_The Beauty and the Beast.mp3"
Aug 28 19:07 : exception: Failed to decode /home/eldermf/Música/nightwish_-_sleeping_sun-alc.mp3; Failed to open '/home/eldermf/Música/nightwish_-_sleeping_sun-alc.mp3': No such file or directory
Aug 28 19:07 : player: played "nightwish_-_sleeping_sun-alc.mp3"
Aug 28 19:07 : exception: Failed to decode /home/eldermf/Música/nightwish_-_bless_the_child-alc.mp3; Failed to open '/home/eldermf/Música/nightwish_-_bless_the_child-alc.mp3': No such file or directory
Aug 28 19:07 : player: played "nightwish_-_bless_the_child-alc.mp3"
Aug 28 19:14 : player: played "nightwish_-_bless_the_child-alc.mp3"
Aug 28 19:17 : player: played "nightwish_-_bless_the_child-alc.mp3"
Sep 02 14:04 : player: played "nightwish_-_bless_the_child-alc.mp3"
Sep 03 10:20 : player: played "nightwish_-_bless_the_child-alc.mp3"
Sep 03 10:51 : player: played "nightwish_-_bless_the_child-alc.mp3"
Sep 04 10:57 : player: played "nightwish_-_bless_the_child-alc.mp3"
Sep 04 17:03 : player: played "nightwish_-_bless_the_child-alc.mp3"
Sep 04 17:16 : player: played "Nightwish_Nemo.mp3"
Sep 04 18:16 : player: played "Nightwish_Nemo.mp3"
Sep 04 22:20 : player: played "Nightwish_Nemo.mp3"
Sep 05 15:24 : player: played "Nightwish_Nemo.mp3"
Sep 06 12:46 : player: played "Nightwish_Nemo.mp3"
Sep 07 10:49 : player: played "Nightwish_Nemo.mp3"
Sep 07 18:57 : player: played "Nightwish_Nemo.mp3"
Sep 08 12:20 : player: played "Nightwish_Nemo.mp3"
Sep 09 22:22 : player: played "Nightwish_Nemo.mp3"
Sep 10 10:19 : player: played "Nightwish_Nemo.mp3"
Sep 10 10:20 : player: played "Nightwish_Nemo.mp3"
Sep 10 10:56 : player: played "NEFFEX - Grateful [Copyright Free].mp3"
Sep 10 12:58 : player: played "NEFFEX - Grateful [Copyright Free].mp3"
Sep 10 18:13 : player: played "NEFFEX - Grateful [Copyright Free].mp3"
Sep 10 18:27 : player: played "NEFFEX - Grateful [Copyright Free].mp3"
Sep 10 19:02 : player: played "NEFFEX - Grateful [Copyright Free].mp3"
Sep 10 19:04 : player: played "NEFFEX - Grateful [Copyright Free].mp3"
Sep 10 19:16 : player: played "NEFFEX - Grateful [Copyright Free].mp3"
